
Deprecated: Optional parameter $router declared before required parameter $middleware is implicitly treated as a required parameter in /var/www/app/App.php on line 20

Fatal error: Uncaught ArgumentCountError: Too few arguments to function App\App::__construct(), 1 passed in /var/www/scripts/email.php on line 12 and at least 3 expected in /var/www/app/App.php:20
Stack trace:
#0 /var/www/scripts/email.php(12): App\App->__construct(Object(Illuminate\Container\Container))
#1 {main}
  thrown in /var/www/app/App.php on line 20

Fatal error: Uncaught ArgumentCountError: Too few arguments to function App\App::__construct(), 1 passed in /var/www/scripts/email.php on line 12 and at least 2 expected in /var/www/app/App.php:19
Stack trace:
#0 /var/www/scripts/email.php(12): App\App->__construct(Object(Illuminate\Container\Container))
#1 {main}
  thrown in /var/www/app/App.php on line 19

Fatal error: Uncaught ArgumentCountError: Too few arguments to function App\App::__construct(), 1 passed in /var/www/scripts/email.php on line 12 and at least 2 expected in /var/www/app/App.php:19
Stack trace:
#0 /var/www/scripts/email.php(12): App\App->__construct(Object(Illuminate\Container\Container))
#1 {main}
  thrown in /var/www/app/App.php on line 19

Fatal error: Uncaught ArgumentCountError: Too few arguments to function App\App::__construct(), 1 passed in /var/www/scripts/email.php on line 12 and at least 2 expected in /var/www/app/App.php:19
Stack trace:
#0 /var/www/scripts/email.php(12): App\App->__construct(Object(Illuminate\Container\Container))
#1 {main}
  thrown in /var/www/app/App.php on line 19

Fatal error: Uncaught ArgumentCountError: Too few arguments to function App\App::__construct(), 1 passed in /var/www/scripts/email.php on line 12 and at least 2 expected in /var/www/app/App.php:19
Stack trace:
#0 /var/www/scripts/email.php(12): App\App->__construct(Object(Illuminate\Container\Container))
#1 {main}
  thrown in /var/www/app/App.php on line 19

Fatal error: Uncaught ArgumentCountError: Too few arguments to function App\App::__construct(), 1 passed in /var/www/scripts/email.php on line 12 and at least 2 expected in /var/www/app/App.php:19
Stack trace:
#0 /var/www/scripts/email.php(12): App\App->__construct(Object(Illuminate\Container\Container))
#1 {main}
  thrown in /var/www/app/App.php on line 19

Fatal error: Uncaught ArgumentCountError: Too few arguments to function App\App::__construct(), 1 passed in /var/www/scripts/email.php on line 12 and at least 2 expected in /var/www/app/App.php:19
Stack trace:
#0 /var/www/scripts/email.php(12): App\App->__construct(Object(Illuminate\Container\Container))
#1 {main}
  thrown in /var/www/app/App.php on line 19

Fatal error: Uncaught ArgumentCountError: Too few arguments to function App\App::__construct(), 1 passed in /var/www/scripts/email.php on line 12 and at least 2 expected in /var/www/app/App.php:19
Stack trace:
#0 /var/www/scripts/email.php(12): App\App->__construct(Object(Illuminate\Container\Container))
#1 {main}
  thrown in /var/www/app/App.php on line 19

Fatal error: Uncaught ArgumentCountError: Too few arguments to function App\App::__construct(), 1 passed in /var/www/scripts/email.php on line 12 and at least 2 expected in /var/www/app/App.php:19
Stack trace:
#0 /var/www/scripts/email.php(12): App\App->__construct(Object(Illuminate\Container\Container))
#1 {main}
  thrown in /var/www/app/App.php on line 19

Fatal error: Uncaught ArgumentCountError: Too few arguments to function App\App::__construct(), 1 passed in /var/www/scripts/email.php on line 12 and at least 2 expected in /var/www/app/App.php:19
Stack trace:
#0 /var/www/scripts/email.php(12): App\App->__construct(Object(Illuminate\Container\Container))
#1 {main}
  thrown in /var/www/app/App.php on line 19

Fatal error: Uncaught ArgumentCountError: Too few arguments to function App\App::__construct(), 1 passed in /var/www/scripts/email.php on line 12 and at least 2 expected in /var/www/app/App.php:19
Stack trace:
#0 /var/www/scripts/email.php(12): App\App->__construct(Object(Illuminate\Container\Container))
#1 {main}
  thrown in /var/www/app/App.php on line 19

Fatal error: Uncaught ArgumentCountError: Too few arguments to function App\App::__construct(), 1 passed in /var/www/scripts/email.php on line 12 and at least 2 expected in /var/www/app/App.php:19
Stack trace:
#0 /var/www/scripts/email.php(12): App\App->__construct(Object(Illuminate\Container\Container))
#1 {main}
  thrown in /var/www/app/App.php on line 19

Fatal error: Uncaught ArgumentCountError: Too few arguments to function App\App::__construct(), 1 passed in /var/www/scripts/email.php on line 12 and at least 2 expected in /var/www/app/App.php:19
Stack trace:
#0 /var/www/scripts/email.php(12): App\App->__construct(Object(Illuminate\Container\Container))
#1 {main}
  thrown in /var/www/app/App.php on line 19

Fatal error: Uncaught ArgumentCountError: Too few arguments to function App\App::__construct(), 1 passed in /var/www/scripts/email.php on line 12 and at least 2 expected in /var/www/app/App.php:19
Stack trace:
#0 /var/www/scripts/email.php(12): App\App->__construct(Object(Illuminate\Container\Container))
#1 {main}
  thrown in /var/www/app/App.php on line 19

Fatal error: Uncaught ArgumentCountError: Too few arguments to function App\App::__construct(), 1 passed in /var/www/scripts/email.php on line 12 and at least 2 expected in /var/www/app/App.php:19
Stack trace:
#0 /var/www/scripts/email.php(12): App\App->__construct(Object(Illuminate\Container\Container))
#1 {main}
  thrown in /var/www/app/App.php on line 19

Fatal error: Uncaught ArgumentCountError: Too few arguments to function App\App::__construct(), 1 passed in /var/www/scripts/email.php on line 12 and at least 2 expected in /var/www/app/App.php:19
Stack trace:
#0 /var/www/scripts/email.php(12): App\App->__construct(Object(Illuminate\Container\Container))
#1 {main}
  thrown in /var/www/app/App.php on line 19

Fatal error: Uncaught ArgumentCountError: Too few arguments to function App\App::__construct(), 1 passed in /var/www/scripts/email.php on line 12 and at least 2 expected in /var/www/app/App.php:19
Stack trace:
#0 /var/www/scripts/email.php(12): App\App->__construct(Object(Illuminate\Container\Container))
#1 {main}
  thrown in /var/www/app/App.php on line 19

Fatal error: Uncaught ArgumentCountError: Too few arguments to function App\App::__construct(), 1 passed in /var/www/scripts/email.php on line 12 and at least 2 expected in /var/www/app/App.php:19
Stack trace:
#0 /var/www/scripts/email.php(12): App\App->__construct(Object(Illuminate\Container\Container))
#1 {main}
  thrown in /var/www/app/App.php on line 19

Fatal error: Uncaught ArgumentCountError: Too few arguments to function App\App::__construct(), 1 passed in /var/www/scripts/email.php on line 12 and at least 2 expected in /var/www/app/App.php:19
Stack trace:
#0 /var/www/scripts/email.php(12): App\App->__construct(Object(Illuminate\Container\Container))
#1 {main}
  thrown in /var/www/app/App.php on line 19

Fatal error: Uncaught ArgumentCountError: Too few arguments to function App\App::__construct(), 1 passed in /var/www/scripts/email.php on line 12 and at least 2 expected in /var/www/app/App.php:19
Stack trace:
#0 /var/www/scripts/email.php(12): App\App->__construct(Object(Illuminate\Container\Container))
#1 {main}
  thrown in /var/www/app/App.php on line 19

Fatal error: Uncaught ArgumentCountError: Too few arguments to function App\App::__construct(), 1 passed in /var/www/scripts/email.php on line 12 and at least 2 expected in /var/www/app/App.php:19
Stack trace:
#0 /var/www/scripts/email.php(12): App\App->__construct(Object(Illuminate\Container\Container))
#1 {main}
  thrown in /var/www/app/App.php on line 19

Fatal error: Uncaught ArgumentCountError: Too few arguments to function App\App::__construct(), 1 passed in /var/www/scripts/email.php on line 12 and at least 2 expected in /var/www/app/App.php:19
Stack trace:
#0 /var/www/scripts/email.php(12): App\App->__construct(Object(Illuminate\Container\Container))
#1 {main}
  thrown in /var/www/app/App.php on line 19

Fatal error: Uncaught ArgumentCountError: Too few arguments to function App\App::__construct(), 1 passed in /var/www/scripts/email.php on line 12 and at least 2 expected in /var/www/app/App.php:19
Stack trace:
#0 /var/www/scripts/email.php(12): App\App->__construct(Object(Illuminate\Container\Container))
#1 {main}
  thrown in /var/www/app/App.php on line 19

Fatal error: Uncaught ArgumentCountError: Too few arguments to function App\App::__construct(), 1 passed in /var/www/scripts/email.php on line 12 and at least 2 expected in /var/www/app/App.php:19
Stack trace:
#0 /var/www/scripts/email.php(12): App\App->__construct(Object(Illuminate\Container\Container))
#1 {main}
  thrown in /var/www/app/App.php on line 19

Fatal error: Uncaught ArgumentCountError: Too few arguments to function App\App::__construct(), 1 passed in /var/www/scripts/email.php on line 12 and at least 2 expected in /var/www/app/App.php:19
Stack trace:
#0 /var/www/scripts/email.php(12): App\App->__construct(Object(Illuminate\Container\Container))
#1 {main}
  thrown in /var/www/app/App.php on line 19

Fatal error: Uncaught ArgumentCountError: Too few arguments to function App\App::__construct(), 1 passed in /var/www/scripts/email.php on line 12 and at least 2 expected in /var/www/app/App.php:19
Stack trace:
#0 /var/www/scripts/email.php(12): App\App->__construct(Object(Illuminate\Container\Container))
#1 {main}
  thrown in /var/www/app/App.php on line 19

Fatal error: Uncaught ArgumentCountError: Too few arguments to function App\App::__construct(), 1 passed in /var/www/scripts/email.php on line 12 and at least 2 expected in /var/www/app/App.php:19
Stack trace:
#0 /var/www/scripts/email.php(12): App\App->__construct(Object(Illuminate\Container\Container))
#1 {main}
  thrown in /var/www/app/App.php on line 19

Fatal error: Uncaught ArgumentCountError: Too few arguments to function App\App::__construct(), 1 passed in /var/www/scripts/email.php on line 12 and at least 2 expected in /var/www/app/App.php:19
Stack trace:
#0 /var/www/scripts/email.php(12): App\App->__construct(Object(Illuminate\Container\Container))
#1 {main}
  thrown in /var/www/app/App.php on line 19

Fatal error: Uncaught ArgumentCountError: Too few arguments to function App\App::__construct(), 1 passed in /var/www/scripts/email.php on line 12 and at least 2 expected in /var/www/app/App.php:19
Stack trace:
#0 /var/www/scripts/email.php(12): App\App->__construct(Object(Illuminate\Container\Container))
#1 {main}
  thrown in /var/www/app/App.php on line 19

Fatal error: Uncaught ArgumentCountError: Too few arguments to function App\App::__construct(), 1 passed in /var/www/scripts/email.php on line 12 and at least 2 expected in /var/www/app/App.php:19
Stack trace:
#0 /var/www/scripts/email.php(12): App\App->__construct(Object(Illuminate\Container\Container))
#1 {main}
  thrown in /var/www/app/App.php on line 19

Fatal error: Uncaught ArgumentCountError: Too few arguments to function App\App::__construct(), 1 passed in /var/www/scripts/email.php on line 12 and at least 2 expected in /var/www/app/App.php:19
Stack trace:
#0 /var/www/scripts/email.php(12): App\App->__construct(Object(Illuminate\Container\Container))
#1 {main}
  thrown in /var/www/app/App.php on line 19

Fatal error: Uncaught ArgumentCountError: Too few arguments to function App\App::__construct(), 1 passed in /var/www/scripts/email.php on line 12 and at least 2 expected in /var/www/app/App.php:19
Stack trace:
#0 /var/www/scripts/email.php(12): App\App->__construct(Object(Illuminate\Container\Container))
#1 {main}
  thrown in /var/www/app/App.php on line 19

Fatal error: Uncaught ArgumentCountError: Too few arguments to function App\App::__construct(), 1 passed in /var/www/scripts/email.php on line 12 and at least 2 expected in /var/www/app/App.php:19
Stack trace:
#0 /var/www/scripts/email.php(12): App\App->__construct(Object(Illuminate\Container\Container))
#1 {main}
  thrown in /var/www/app/App.php on line 19

Fatal error: Uncaught ArgumentCountError: Too few arguments to function App\App::__construct(), 1 passed in /var/www/scripts/email.php on line 12 and at least 2 expected in /var/www/app/App.php:19
Stack trace:
#0 /var/www/scripts/email.php(12): App\App->__construct(Object(Illuminate\Container\Container))
#1 {main}
  thrown in /var/www/app/App.php on line 19

Fatal error: Uncaught ArgumentCountError: Too few arguments to function App\App::__construct(), 1 passed in /var/www/scripts/email.php on line 12 and at least 2 expected in /var/www/app/App.php:19
Stack trace:
#0 /var/www/scripts/email.php(12): App\App->__construct(Object(Illuminate\Container\Container))
#1 {main}
  thrown in /var/www/app/App.php on line 19

Fatal error: Uncaught ArgumentCountError: Too few arguments to function App\App::__construct(), 1 passed in /var/www/scripts/email.php on line 12 and at least 2 expected in /var/www/app/App.php:19
Stack trace:
#0 /var/www/scripts/email.php(12): App\App->__construct(Object(Illuminate\Container\Container))
#1 {main}
  thrown in /var/www/app/App.php on line 19

Fatal error: Uncaught ArgumentCountError: Too few arguments to function App\App::__construct(), 1 passed in /var/www/scripts/email.php on line 12 and at least 2 expected in /var/www/app/App.php:19
Stack trace:
#0 /var/www/scripts/email.php(12): App\App->__construct(Object(Illuminate\Container\Container))
#1 {main}
  thrown in /var/www/app/App.php on line 19

Fatal error: Uncaught ArgumentCountError: Too few arguments to function App\App::__construct(), 1 passed in /var/www/scripts/email.php on line 12 and at least 2 expected in /var/www/app/App.php:19
Stack trace:
#0 /var/www/scripts/email.php(12): App\App->__construct(Object(Illuminate\Container\Container))
#1 {main}
  thrown in /var/www/app/App.php on line 19

Fatal error: Uncaught ArgumentCountError: Too few arguments to function App\App::__construct(), 1 passed in /var/www/scripts/email.php on line 12 and at least 2 expected in /var/www/app/App.php:19
Stack trace:
#0 /var/www/scripts/email.php(12): App\App->__construct(Object(Illuminate\Container\Container))
#1 {main}
  thrown in /var/www/app/App.php on line 19
